<?xml version="1.0" encoding="UTF-8"?>
<!-- Generated by org.testng.reporters.JUnitReportReporter -->
<testsuite hostname="DESKTOP-PT84KK4" failures="0" tests="1" name="Test_Scripts.Test_Script_5_Test" time="18.613" errors="0" timestamp="2022-12-07T15:59:50 IST" skipped="0">
  <testcase classname="Test_Scripts.Test_Script_5_Test" name="testacript" time="18.613"/>
  <system-out/>
</testsuite> <!-- Test_Scripts.Test_Script_5_Test -->
