<?xml version="1.0" encoding="UTF-8"?>
<!-- Generated by org.testng.reporters.JUnitReportReporter -->
<testsuite hostname="DESKTOP-PT84KK4" failures="0" tests="1" name="Test_Scripts.Test_Script_2_Test" time="26.987" errors="0" timestamp="2022-12-09T12:28:00 IST" skipped="0">
  <testcase classname="Test_Scripts.Test_Script_2_Test" name="testacript" time="26.987"/>
  <system-out/>
</testsuite> <!-- Test_Scripts.Test_Script_2_Test -->
